Build started 08/05/2015 15:24:33.
     1>Project "C:\Users\Ryan\Documents\University\Second Year (2nd)\Second Term\Games Programming\Coursework\Project\Wacka\game\game\game.vcxproj" on node 2 (Build target(s)).
     1>ClCompile:
         C:\Program Files (x86)\Microsoft Visual Studio 12.0\VC\bin\CL.exe /c /ZI /nologo /W3 /WX- /sdl /Od /Oy- /D _MBCS /Gm /EHsc /RTC1 /MDd /GS /fp:precise /Zc:wchar_t /Zc:forScope /Fo"Debug\\" /Fd"Debug\vc120.pdb" /Gd /TP /analyze- /errorReport:prompt main.cpp
         main.cpp
     1>c:\users\ryan\documents\university\second year (2nd)\second term\games programming\coursework\project\wacka\game\game\main.cpp(205): error C2065: 'win' : undeclared identifier
     1>c:\users\ryan\documents\university\second year (2nd)\second term\games programming\coursework\project\wacka\game\game\main.cpp(208): error C2065: 'lose' : undeclared identifier
     1>c:\users\ryan\documents\university\second year (2nd)\second term\games programming\coursework\project\wacka\game\game\main.cpp(227): fatal error C1075: end of file found before the left brace '{' at 'c:\users\ryan\documents\university\second year (2nd)\second term\games programming\coursework\project\wacka\game\game\main.cpp(22)' was matched
     1>Done Building Project "C:\Users\Ryan\Documents\University\Second Year (2nd)\Second Term\Games Programming\Coursework\Project\Wacka\game\game\game.vcxproj" (Build target(s)) -- FAILED.

Build FAILED.

Time Elapsed 00:00:00.44
